android/app/build/intermediates/manifest_merge_blame_file/release/processReleaseMainManifest/manifest-merger-blame-release-report.txt
1<?xml version="1.0" encoding="utf-8"?>
2<manifest xmlns:android="http://schemas.android.com/apk/res/android"
3    package="com.example.energenius"
4    android:versionCode="2"
5    android:versionName="1.0.0" >
6
7    <uses-sdk
8        android:minSdkVersion="23"
9        android:targetSdkVersion="35" />
10    <!--
11         Required to query activities that can process text, see:
12         https://developer.android.com/training/package-visibility and
13         https://developer.android.com/reference/android/content/Intent#ACTION_PROCESS_TEXT.
14
15         In particular, this is used by the Flutter engine in io.flutter.plugin.text.ProcessTextPlugin.
16    -->
17    <queries>
17-->src\main\AndroidManifest.xml:39:5-44:15
18        <intent>
18-->src\main\AndroidManifest.xml:40:9-43:18
19            <action android:name="android.intent.action.PROCESS_TEXT" />
19-->src\main\AndroidManifest.xml:41:13-72
19-->src\main\AndroidManifest.xml:41:21-70
20
21            <data android:mimeType="text/plain" />
21-->src\main\AndroidManifest.xml:42:13-50
21-->src\main\AndroidManifest.xml:42:19-48
22        </intent>
23    </queries>
24
25    <uses-permission android:name="android.permission.INTERNET" />
25-->[:firebase_messaging] AndroidManifest.xml:7:5-67
25-->[:firebase_messaging] AndroidManifest.xml:7:22-64
26    <uses-permission android:name="android.permission.WAKE_LOCK" />
26-->[:firebase_messaging] AndroidManifest.xml:8:5-68
26-->[:firebase_messaging] AndroidManifest.xml:8:22-65
27    <uses-permission android:name="android.permission.ACCESS_NETWORK_STATE" /> <!-- Permissions options for the `notification` group -->
27-->[:firebase_messaging] AndroidManifest.xml:9:5-79
27-->[:firebase_messaging] AndroidManifest.xml:9:22-76
28    <uses-permission android:name="android.permission.POST_NOTIFICATIONS" /> <!-- Required by older versions of Google Play services to create IID tokens -->
28-->[:firebase_messaging] AndroidManifest.xml:11:5-77
28-->[:firebase_messaging] AndroidManifest.xml:11:22-74
29    <uses-permission android:name="com.google.android.c2dm.permission.RECEIVE" />
29-->[com.google.firebase:firebase-messaging:24.1.0] AndroidManifest.xml:26:5-82
29-->[com.google.firebase:firebase-messaging:24.1.0] AndroidManifest.xml:26:22-79
30    <uses-permission android:name="com.google.android.gms.permission.AD_ID" />
30-->[com.google.android.gms:play-services-measurement-api:22.2.0] AndroidManifest.xml:25:5-79
30-->[com.google.android.gms:play-services-measurement-api:22.2.0] AndroidManifest.xml:25:22-76
31    <uses-permission android:name="android.permission.ACCESS_ADSERVICES_ATTRIBUTION" />
31-->[com.google.android.gms:play-services-measurement-api:22.2.0] AndroidManifest.xml:26:5-88
31-->[com.google.android.gms:play-services-measurement-api:22.2.0] AndroidManifest.xml:26:22-85
32    <uses-permission android:name="android.permission.ACCESS_ADSERVICES_AD_ID" />
32-->[com.google.android.gms:play-services-measurement-api:22.2.0] AndroidManifest.xml:27:5-82
32-->[com.google.android.gms:play-services-measurement-api:22.2.0] AndroidManifest.xml:27:22-79
33    <uses-permission android:name="android.permission.RECEIVE_BOOT_COMPLETED" />
33-->[:flutter_local_notifications] AndroidManifest.xml:7:5-81
33-->[:flutter_local_notifications] AndroidManifest.xml:7:22-78
34    <uses-permission android:name="android.permission.VIBRATE" />
34-->[:flutter_local_notifications] AndroidManifest.xml:8:5-66
34-->[:flutter_local_notifications] AndroidManifest.xml:8:22-63
35    <uses-permission android:name="android.permission.USE_FULL_SCREEN_INTENT" />
35-->[:flutter_local_notifications] AndroidManifest.xml:9:5-81
35-->[:flutter_local_notifications] AndroidManifest.xml:9:22-78
36    <uses-permission android:name="android.permission.SCHEDULE_EXACT_ALARM" />
36-->[:flutter_local_notifications] AndroidManifest.xml:10:5-79
36-->[:flutter_local_notifications] AndroidManifest.xml:10:22-76
37    <uses-permission android:name="android.permission.USE_BIOMETRIC" /> <!-- suppress DeprecatedClassUsageInspection -->
37-->[:local_auth_android] AndroidManifest.xml:7:5-72
37-->[:local_auth_android] AndroidManifest.xml:7:22-69
38    <uses-permission android:name="android.permission.USE_FINGERPRINT" />
38-->[androidx.biometric:biometric:1.1.0] AndroidManifest.xml:27:5-74
38-->[androidx.biometric:biometric:1.1.0] AndroidManifest.xml:27:22-71
39    <uses-permission android:name="com.google.android.providers.gsf.permission.READ_GSERVICES" />
39-->[com.google.android.recaptcha:recaptcha:18.6.1] AndroidManifest.xml:9:5-98
39-->[com.google.android.recaptcha:recaptcha:18.6.1] AndroidManifest.xml:9:22-95
40    <uses-permission android:name="com.google.android.finsky.permission.BIND_GET_INSTALL_REFERRER_SERVICE" />
40-->[com.google.android.gms:play-services-measurement:22.2.0] AndroidManifest.xml:26:5-110
40-->[com.google.android.gms:play-services-measurement:22.2.0] AndroidManifest.xml:26:22-107
41
42    <permission
42-->[androidx.core:core:1.13.1] AndroidManifest.xml:22:5-24:47
43        android:name="com.example.energenius.DYNAMIC_RECEIVER_NOT_EXPORTED_PERMISSION"
43-->[androidx.core:core:1.13.1] AndroidManifest.xml:23:9-81
44        android:protectionLevel="signature" />
44-->[androidx.core:core:1.13.1] AndroidManifest.xml:24:9-44
45
46    <uses-permission android:name="com.example.energenius.DYNAMIC_RECEIVER_NOT_EXPORTED_PERMISSION" />
46-->[androidx.core:core:1.13.1] AndroidManifest.xml:26:5-97
46-->[androidx.core:core:1.13.1] AndroidManifest.xml:26:22-94
47
48    <application
49        android:name="android.app.Application"
49-->src\main\AndroidManifest.xml:4:9-42
50        android:appComponentFactory="androidx.core.app.CoreComponentFactory"
50-->[androidx.core:core:1.13.1] AndroidManifest.xml:28:18-86
51        android:extractNativeLibs="false"
52        android:icon="@mipmap/launcher_icon"
52-->src\main\AndroidManifest.xml:5:9-45
53        android:label="energenius" >
53-->src\main\AndroidManifest.xml:3:9-35
54        <activity
54-->src\main\AndroidManifest.xml:6:9-27:20
55            android:name="com.example.energenius.MainActivity"
55-->src\main\AndroidManifest.xml:7:13-41
56            android:configChanges="orientation|keyboardHidden|keyboard|screenSize|smallestScreenSize|locale|layoutDirection|fontScale|screenLayout|density|uiMode"
56-->src\main\AndroidManifest.xml:12:13-163
57            android:exported="true"
57-->src\main\AndroidManifest.xml:8:13-36
58            android:hardwareAccelerated="true"
58-->src\main\AndroidManifest.xml:13:13-47
59            android:launchMode="singleTop"
59-->src\main\AndroidManifest.xml:9:13-43
60            android:taskAffinity=""
60-->src\main\AndroidManifest.xml:10:13-36
61            android:theme="@style/LaunchTheme"
61-->src\main\AndroidManifest.xml:11:13-47
62            android:windowSoftInputMode="adjustResize" >
62-->src\main\AndroidManifest.xml:14:13-55
63
64            <!--
65                 Specifies an Android theme to apply to this Activity as soon as
66                 the Android process has started. This theme is visible to the user
67                 while the Flutter UI initializes. After that, this theme continues
68                 to determine the Window background behind the Flutter UI.
69            -->
70            <meta-data
70-->src\main\AndroidManifest.xml:19:13-22:17
71                android:name="io.flutter.embedding.android.NormalTheme"
71-->src\main\AndroidManifest.xml:20:15-70
72                android:resource="@style/NormalTheme" />
72-->src\main\AndroidManifest.xml:21:15-52
73
74            <intent-filter>
74-->src\main\AndroidManifest.xml:23:13-26:29
75                <action android:name="android.intent.action.MAIN" />
75-->src\main\AndroidManifest.xml:24:17-68
75-->src\main\AndroidManifest.xml:24:25-66
76
77                <category android:name="android.intent.category.LAUNCHER" />
77-->src\main\AndroidManifest.xml:25:17-76
77-->src\main\AndroidManifest.xml:25:27-74
78            </intent-filter>
79        </activity>
80        <!--
81             Don't delete the meta-data below.
82             This is used by the Flutter tool to generate GeneratedPluginRegistrant.java
83        -->
84        <meta-data
84-->src\main\AndroidManifest.xml:30:9-32:33
85            android:name="flutterEmbedding"
85-->src\main\AndroidManifest.xml:31:13-44
86            android:value="2" />
86-->src\main\AndroidManifest.xml:32:13-30
87        <!--
88           Declares a provider which allows us to store files to share in
89           '.../caches/share_plus' and grant the receiving action access
90        -->
91        <provider
91-->[:share_plus] AndroidManifest.xml:13:9-21:20
92            android:name="dev.fluttercommunity.plus.share.ShareFileProvider"
92-->[:share_plus] AndroidManifest.xml:14:13-77
93            android:authorities="com.example.energenius.flutter.share_provider"
93-->[:share_plus] AndroidManifest.xml:15:13-74
94            android:exported="false"
94-->[:share_plus] AndroidManifest.xml:16:13-37
95            android:grantUriPermissions="true" >
95-->[:share_plus] AndroidManifest.xml:17:13-47
96            <meta-data
96-->[:share_plus] AndroidManifest.xml:18:13-20:68
97                android:name="android.support.FILE_PROVIDER_PATHS"
97-->[:share_plus] AndroidManifest.xml:19:17-67
98                android:resource="@xml/flutter_share_file_paths" />
98-->[:share_plus] AndroidManifest.xml:20:17-65
99        </provider>
100        <!--
101           This manifest declared broadcast receiver allows us to use an explicit
102           Intent when creating a PendingItent to be informed of the user's choice
103        -->
104        <receiver
104-->[:share_plus] AndroidManifest.xml:26:9-32:20
105            android:name="dev.fluttercommunity.plus.share.SharePlusPendingIntent"
105-->[:share_plus] AndroidManifest.xml:27:13-82
106            android:exported="false" >
106-->[:share_plus] AndroidManifest.xml:28:13-37
107            <intent-filter>
107-->[:share_plus] AndroidManifest.xml:29:13-31:29
108                <action android:name="EXTRA_CHOSEN_COMPONENT" />
108-->[:share_plus] AndroidManifest.xml:30:17-65
108-->[:share_plus] AndroidManifest.xml:30:25-62
109            </intent-filter>
110        </receiver>
111
112        <service
112-->[:cloud_firestore] AndroidManifest.xml:8:9-12:19
113            android:name="com.google.firebase.components.ComponentDiscoveryService"
113-->[:cloud_firestore] AndroidManifest.xml:8:18-89
114            android:directBootAware="true"
114-->[com.google.firebase:firebase-common:21.0.0] AndroidManifest.xml:32:13-43
115            android:exported="false" >
115-->[com.google.firebase:firebase-analytics-ktx:22.2.0] AndroidManifest.xml:10:13-37
116            <meta-data
116-->[:cloud_firestore] AndroidManifest.xml:9:13-11:85
117                android:name="com.google.firebase.components:io.flutter.plugins.firebase.firestore.FlutterFirebaseFirestoreRegistrar"
117-->[:cloud_firestore] AndroidManifest.xml:10:17-134
118                android:value="com.google.firebase.components.ComponentRegistrar" />
118-->[:cloud_firestore] AndroidManifest.xml:11:17-82
119            <meta-data
119-->[:firebase_auth] AndroidManifest.xml:9:13-11:85
120                android:name="com.google.firebase.components:io.flutter.plugins.firebase.auth.FlutterFirebaseAuthRegistrar"
120-->[:firebase_auth] AndroidManifest.xml:10:17-124
121                android:value="com.google.firebase.components.ComponentRegistrar" />
121-->[:firebase_auth] AndroidManifest.xml:11:17-82
122            <meta-data
122-->[:firebase_messaging] AndroidManifest.xml:36:13-38:85
123                android:name="com.google.firebase.components:io.flutter.plugins.firebase.messaging.FlutterFirebaseAppRegistrar"
123-->[:firebase_messaging] AndroidManifest.xml:37:17-128
124                android:value="com.google.firebase.components.ComponentRegistrar" />
124-->[:firebase_messaging] AndroidManifest.xml:38:17-82
125            <meta-data
125-->[:firebase_core] AndroidManifest.xml:9:13-11:85
126                android:name="com.google.firebase.components:io.flutter.plugins.firebase.core.FlutterFirebaseCoreRegistrar"
126-->[:firebase_core] AndroidManifest.xml:10:17-124
127                android:value="com.google.firebase.components.ComponentRegistrar" />
127-->[:firebase_core] AndroidManifest.xml:11:17-82
128            <meta-data
128-->[com.google.firebase:firebase-analytics-ktx:22.2.0] AndroidManifest.xml:11:13-13:85
129                android:name="com.google.firebase.components:com.google.firebase.analytics.ktx.FirebaseAnalyticsLegacyRegistrar"
129-->[com.google.firebase:firebase-analytics-ktx:22.2.0] AndroidManifest.xml:12:17-129
130                android:value="com.google.firebase.components.ComponentRegistrar" />
130-->[com.google.firebase:firebase-analytics-ktx:22.2.0] AndroidManifest.xml:13:17-82
131            <meta-data
131-->[com.google.firebase:firebase-firestore:25.1.2] AndroidManifest.xml:17:13-19:85
132                android:name="com.google.firebase.components:com.google.firebase.firestore.FirebaseFirestoreKtxRegistrar"
132-->[com.google.firebase:firebase-firestore:25.1.2] AndroidManifest.xml:18:17-122
133                android:value="com.google.firebase.components.ComponentRegistrar" />
133-->[com.google.firebase:firebase-firestore:25.1.2] AndroidManifest.xml:19:17-82
134            <meta-data
134-->[com.google.firebase:firebase-firestore:25.1.2] AndroidManifest.xml:20:13-22:85
135                android:name="com.google.firebase.components:com.google.firebase.firestore.FirestoreRegistrar"
135-->[com.google.firebase:firebase-firestore:25.1.2] AndroidManifest.xml:21:17-111
136                android:value="com.google.firebase.components.ComponentRegistrar" />
136-->[com.google.firebase:firebase-firestore:25.1.2] AndroidManifest.xml:22:17-82
137            <meta-data
137-->[com.google.firebase:firebase-auth:23.2.0] AndroidManifest.xml:69:13-71:85
138                android:name="com.google.firebase.components:com.google.firebase.auth.FirebaseAuthRegistrar"
138-->[com.google.firebase:firebase-auth:23.2.0] AndroidManifest.xml:70:17-109
139                android:value="com.google.firebase.components.ComponentRegistrar" />
139-->[com.google.firebase:firebase-auth:23.2.0] AndroidManifest.xml:71:17-82
140            <meta-data
140-->[com.google.firebase:firebase-messaging:24.1.0] AndroidManifest.xml:57:13-59:85
141                android:name="com.google.firebase.components:com.google.firebase.messaging.FirebaseMessagingKtxRegistrar"
141-->[com.google.firebase:firebase-messaging:24.1.0] AndroidManifest.xml:58:17-122
142                android:value="com.google.firebase.components.ComponentRegistrar" />
142-->[com.google.firebase:firebase-messaging:24.1.0] AndroidManifest.xml:59:17-82
143            <meta-data
143-->[com.google.firebase:firebase-messaging:24.1.0] AndroidManifest.xml:60:13-62:85
144                android:name="com.google.firebase.components:com.google.firebase.messaging.FirebaseMessagingRegistrar"
144-->[com.google.firebase:firebase-messaging:24.1.0] AndroidManifest.xml:61:17-119
145                android:value="com.google.firebase.components.ComponentRegistrar" />
145-->[com.google.firebase:firebase-messaging:24.1.0] AndroidManifest.xml:62:17-82
146            <meta-data
146-->[com.google.android.gms:play-services-measurement-api:22.2.0] AndroidManifest.xml:33:13-35:85
147                android:name="com.google.firebase.components:com.google.firebase.analytics.connector.internal.AnalyticsConnectorRegistrar"
147-->[com.google.android.gms:play-services-measurement-api:22.2.0] AndroidManifest.xml:34:17-139
148                android:value="com.google.firebase.components.ComponentRegistrar" />
148-->[com.google.android.gms:play-services-measurement-api:22.2.0] AndroidManifest.xml:35:17-82
149            <meta-data
149-->[com.google.firebase:firebase-installations:18.0.0] AndroidManifest.xml:15:13-17:85
150                android:name="com.google.firebase.components:com.google.firebase.installations.FirebaseInstallationsKtxRegistrar"
150-->[com.google.firebase:firebase-installations:18.0.0] AndroidManifest.xml:16:17-130
151                android:value="com.google.firebase.components.ComponentRegistrar" />
151-->[com.google.firebase:firebase-installations:18.0.0] AndroidManifest.xml:17:17-82
152            <meta-data
152-->[com.google.firebase:firebase-installations:18.0.0] AndroidManifest.xml:18:13-20:85
153                android:name="com.google.firebase.components:com.google.firebase.installations.FirebaseInstallationsRegistrar"
153-->[com.google.firebase:firebase-installations:18.0.0] AndroidManifest.xml:19:17-127
154                android:value="com.google.firebase.components.ComponentRegistrar" />
154-->[com.google.firebase:firebase-installations:18.0.0] AndroidManifest.xml:20:17-82
155            <meta-data
155-->[com.google.firebase:firebase-common-ktx:21.0.0] AndroidManifest.xml:12:13-14:85
156                android:name="com.google.firebase.components:com.google.firebase.ktx.FirebaseCommonLegacyRegistrar"
156-->[com.google.firebase:firebase-common-ktx:21.0.0] AndroidManifest.xml:13:17-116
157                android:value="com.google.firebase.components.ComponentRegistrar" />
157-->[com.google.firebase:firebase-common-ktx:21.0.0] AndroidManifest.xml:14:17-82
158            <meta-data
158-->[com.google.firebase:firebase-common:21.0.0] AndroidManifest.xml:35:13-37:85
159                android:name="com.google.firebase.components:com.google.firebase.FirebaseCommonKtxRegistrar"
159-->[com.google.firebase:firebase-common:21.0.0] AndroidManifest.xml:36:17-109
160                android:value="com.google.firebase.components.ComponentRegistrar" />
160-->[com.google.firebase:firebase-common:21.0.0] AndroidManifest.xml:37:17-82
161            <meta-data
161-->[com.google.firebase:firebase-datatransport:18.2.0] AndroidManifest.xml:25:13-27:85
162                android:name="com.google.firebase.components:com.google.firebase.datatransport.TransportRegistrar"
162-->[com.google.firebase:firebase-datatransport:18.2.0] AndroidManifest.xml:26:17-115
163                android:value="com.google.firebase.components.ComponentRegistrar" />
163-->[com.google.firebase:firebase-datatransport:18.2.0] AndroidManifest.xml:27:17-82
164        </service>
165        <service
165-->[:firebase_messaging] AndroidManifest.xml:14:9-17:72
166            android:name="io.flutter.plugins.firebase.messaging.FlutterFirebaseMessagingBackgroundService"
166-->[:firebase_messaging] AndroidManifest.xml:15:13-107
167            android:exported="false"
167-->[:firebase_messaging] AndroidManifest.xml:16:13-37
168            android:permission="android.permission.BIND_JOB_SERVICE" />
168-->[:firebase_messaging] AndroidManifest.xml:17:13-69
169        <service
169-->[:firebase_messaging] AndroidManifest.xml:18:9-24:19
170            android:name="io.flutter.plugins.firebase.messaging.FlutterFirebaseMessagingService"
170-->[:firebase_messaging] AndroidManifest.xml:19:13-97
171            android:exported="false" >
171-->[:firebase_messaging] AndroidManifest.xml:20:13-37
172            <intent-filter>
172-->[:firebase_messaging] AndroidManifest.xml:21:13-23:29
173                <action android:name="com.google.firebase.MESSAGING_EVENT" />
173-->[:firebase_messaging] AndroidManifest.xml:22:17-78
173-->[:firebase_messaging] AndroidManifest.xml:22:25-75
174            </intent-filter>
175        </service>
176
177        <receiver
177-->[:firebase_messaging] AndroidManifest.xml:26:9-33:20
178            android:name="io.flutter.plugins.firebase.messaging.FlutterFirebaseMessagingReceiver"
178-->[:firebase_messaging] AndroidManifest.xml:27:13-98
179            android:exported="true"
179-->[:firebase_messaging] AndroidManifest.xml:28:13-36
180            android:permission="com.google.android.c2dm.permission.SEND" >
180-->[:firebase_messaging] AndroidManifest.xml:29:13-73
181            <intent-filter>
181-->[:firebase_messaging] AndroidManifest.xml:30:13-32:29
182                <action android:name="com.google.android.c2dm.intent.RECEIVE" />
182-->[:firebase_messaging] AndroidManifest.xml:31:17-81
182-->[:firebase_messaging] AndroidManifest.xml:31:25-78
183            </intent-filter>
184        </receiver>
185
186        <provider
186-->[:firebase_messaging] AndroidManifest.xml:41:9-45:38
187            android:name="io.flutter.plugins.firebase.messaging.FlutterFirebaseMessagingInitProvider"
187-->[:firebase_messaging] AndroidManifest.xml:42:13-102
188            android:authorities="com.example.energenius.flutterfirebasemessaginginitprovider"
188-->[:firebase_messaging] AndroidManifest.xml:43:13-88
189            android:exported="false"
189-->[:firebase_messaging] AndroidManifest.xml:44:13-37
190            android:initOrder="99" />
190-->[:firebase_messaging] AndroidManifest.xml:45:13-35
191
192        <activity
192-->[com.google.firebase:firebase-auth:23.2.0] AndroidManifest.xml:29:9-46:20
193            android:name="com.google.firebase.auth.internal.GenericIdpActivity"
193-->[com.google.firebase:firebase-auth:23.2.0] AndroidManifest.xml:30:13-80
194            android:excludeFromRecents="true"
194-->[com.google.firebase:firebase-auth:23.2.0] AndroidManifest.xml:31:13-46
195            android:exported="true"
195-->[com.google.firebase:firebase-auth:23.2.0] AndroidManifest.xml:32:13-36
196            android:launchMode="singleTask"
196-->[com.google.firebase:firebase-auth:23.2.0] AndroidManifest.xml:33:13-44
197            android:theme="@android:style/Theme.Translucent.NoTitleBar" >
197-->[com.google.firebase:firebase-auth:23.2.0] AndroidManifest.xml:34:13-72
198            <intent-filter>
198-->[com.google.firebase:firebase-auth:23.2.0] AndroidManifest.xml:35:13-45:29
199                <action android:name="android.intent.action.VIEW" />
199-->[com.google.firebase:firebase-auth:23.2.0] AndroidManifest.xml:36:17-69
199-->[com.google.firebase:firebase-auth:23.2.0] AndroidManifest.xml:36:25-66
200
201                <category android:name="android.intent.category.DEFAULT" />
201-->[com.google.firebase:firebase-auth:23.2.0] AndroidManifest.xml:38:17-76
201-->[com.google.firebase:firebase-auth:23.2.0] AndroidManifest.xml:38:27-73
202                <category android:name="android.intent.category.BROWSABLE" />
202-->[com.google.firebase:firebase-auth:23.2.0] AndroidManifest.xml:39:17-78
202-->[com.google.firebase:firebase-auth:23.2.0] AndroidManifest.xml:39:27-75
203
204                <data
204-->src\main\AndroidManifest.xml:42:13-50
205                    android:host="firebase.auth"
206                    android:path="/"
207                    android:scheme="genericidp" />
208            </intent-filter>
209        </activity>
210        <activity
210-->[com.google.firebase:firebase-auth:23.2.0] AndroidManifest.xml:47:9-64:20
211            android:name="com.google.firebase.auth.internal.RecaptchaActivity"
211-->[com.google.firebase:firebase-auth:23.2.0] AndroidManifest.xml:48:13-79
212            android:excludeFromRecents="true"
212-->[com.google.firebase:firebase-auth:23.2.0] AndroidManifest.xml:49:13-46
213            android:exported="true"
213-->[com.google.firebase:firebase-auth:23.2.0] AndroidManifest.xml:50:13-36
214            android:launchMode="singleTask"
214-->[com.google.firebase:firebase-auth:23.2.0] AndroidManifest.xml:51:13-44
215            android:theme="@android:style/Theme.Translucent.NoTitleBar" >
215-->[com.google.firebase:firebase-auth:23.2.0] AndroidManifest.xml:52:13-72
216            <intent-filter>
216-->[com.google.firebase:firebase-auth:23.2.0] AndroidManifest.xml:53:13-63:29
217                <action android:name="android.intent.action.VIEW" />
217-->[com.google.firebase:firebase-auth:23.2.0] AndroidManifest.xml:36:17-69
217-->[com.google.firebase:firebase-auth:23.2.0] AndroidManifest.xml:36:25-66
218
219                <category android:name="android.intent.category.DEFAULT" />
219-->[com.google.firebase:firebase-auth:23.2.0] AndroidManifest.xml:38:17-76
219-->[com.google.firebase:firebase-auth:23.2.0] AndroidManifest.xml:38:27-73
220                <category android:name="android.intent.category.BROWSABLE" />
220-->[com.google.firebase:firebase-auth:23.2.0] AndroidManifest.xml:39:17-78
220-->[com.google.firebase:firebase-auth:23.2.0] AndroidManifest.xml:39:27-75
221
222                <data
222-->src\main\AndroidManifest.xml:42:13-50
223                    android:host="firebase.auth"
224                    android:path="/"
225                    android:scheme="recaptcha" />
226            </intent-filter>
227        </activity>
228
229        <receiver
229-->[com.google.firebase:firebase-messaging:24.1.0] AndroidManifest.xml:29:9-40:20
230            android:name="com.google.firebase.iid.FirebaseInstanceIdReceiver"
230-->[com.google.firebase:firebase-messaging:24.1.0] AndroidManifest.xml:30:13-78
231            android:exported="true"
231-->[com.google.firebase:firebase-messaging:24.1.0] AndroidManifest.xml:31:13-36
232            android:permission="com.google.android.c2dm.permission.SEND" >
232-->[com.google.firebase:firebase-messaging:24.1.0] AndroidManifest.xml:32:13-73
233            <intent-filter>
233-->[:firebase_messaging] AndroidManifest.xml:30:13-32:29
234                <action android:name="com.google.android.c2dm.intent.RECEIVE" />
234-->[:firebase_messaging] AndroidManifest.xml:31:17-81
234-->[:firebase_messaging] AndroidManifest.xml:31:25-78
235            </intent-filter>
236
237            <meta-data
237-->[com.google.firebase:firebase-messaging:24.1.0] AndroidManifest.xml:37:13-39:40
238                android:name="com.google.android.gms.cloudmessaging.FINISHED_AFTER_HANDLED"
238-->[com.google.firebase:firebase-messaging:24.1.0] AndroidManifest.xml:38:17-92
239                android:value="true" />
239-->[com.google.firebase:firebase-messaging:24.1.0] AndroidManifest.xml:39:17-37
240        </receiver>
241        <!--
242             FirebaseMessagingService performs security checks at runtime,
243             but set to not exported to explicitly avoid allowing another app to call it.
244        -->
245        <service
245-->[com.google.firebase:firebase-messaging:24.1.0] AndroidManifest.xml:46:9-53:19
246            android:name="com.google.firebase.messaging.FirebaseMessagingService"
246-->[com.google.firebase:firebase-messaging:24.1.0] AndroidManifest.xml:47:13-82
247            android:directBootAware="true"
247-->[com.google.firebase:firebase-messaging:24.1.0] AndroidManifest.xml:48:13-43
248            android:exported="false" >
248-->[com.google.firebase:firebase-messaging:24.1.0] AndroidManifest.xml:49:13-37
249            <intent-filter android:priority="-500" >
249-->[:firebase_messaging] AndroidManifest.xml:21:13-23:29
250                <action android:name="com.google.firebase.MESSAGING_EVENT" />
250-->[:firebase_messaging] AndroidManifest.xml:22:17-78
250-->[:firebase_messaging] AndroidManifest.xml:22:25-75
251            </intent-filter>
252        </service>
253
254        <provider
254-->[com.google.firebase:firebase-common:21.0.0] AndroidManifest.xml:23:9-28:39
255            android:name="com.google.firebase.provider.FirebaseInitProvider"
255-->[com.google.firebase:firebase-common:21.0.0] AndroidManifest.xml:24:13-77
256            android:authorities="com.example.energenius.firebaseinitprovider"
256-->[com.google.firebase:firebase-common:21.0.0] AndroidManifest.xml:25:13-72
257            android:directBootAware="true"
257-->[com.google.firebase:firebase-common:21.0.0] AndroidManifest.xml:26:13-43
258            android:exported="false"
258-->[com.google.firebase:firebase-common:21.0.0] AndroidManifest.xml:27:13-37
259            android:initOrder="100" />
259-->[com.google.firebase:firebase-common:21.0.0] AndroidManifest.xml:28:13-36
260
261        <receiver
261-->[:flutter_local_notifications] AndroidManifest.xml:14:9-16:40
262            android:name="com.dexterous.flutterlocalnotifications.ActionBroadcastReceiver"
262-->[:flutter_local_notifications] AndroidManifest.xml:15:13-91
263            android:exported="false" />
263-->[:flutter_local_notifications] AndroidManifest.xml:16:13-37
264        <receiver
264-->[:flutter_local_notifications] AndroidManifest.xml:17:9-19:40
265            android:name="com.dexterous.flutterlocalnotifications.ScheduledNotificationReceiver"
265-->[:flutter_local_notifications] AndroidManifest.xml:18:13-97
266            android:exported="false" />
266-->[:flutter_local_notifications] AndroidManifest.xml:19:13-37
267        <receiver
267-->[:flutter_local_notifications] AndroidManifest.xml:20:9-29:20
268            android:name="com.dexterous.flutterlocalnotifications.ScheduledNotificationBootReceiver"
268-->[:flutter_local_notifications] AndroidManifest.xml:21:13-101
269            android:exported="false" >
269-->[:flutter_local_notifications] AndroidManifest.xml:22:13-37
270            <intent-filter>
270-->[:flutter_local_notifications] AndroidManifest.xml:23:13-28:29
271                <action android:name="android.intent.action.BOOT_COMPLETED" />
271-->[:flutter_local_notifications] AndroidManifest.xml:24:17-79
271-->[:flutter_local_notifications] AndroidManifest.xml:24:25-76
272                <action android:name="android.intent.action.MY_PACKAGE_REPLACED" />
272-->[:flutter_local_notifications] AndroidManifest.xml:25:17-84
272-->[:flutter_local_notifications] AndroidManifest.xml:25:25-81
273                <action android:name="android.intent.action.QUICKBOOT_POWERON" />
273-->[:flutter_local_notifications] AndroidManifest.xml:26:17-82
273-->[:flutter_local_notifications] AndroidManifest.xml:26:25-79
274                <action android:name="com.htc.intent.action.QUICKBOOT_POWERON" />
274-->[:flutter_local_notifications] AndroidManifest.xml:27:17-82
274-->[:flutter_local_notifications] AndroidManifest.xml:27:25-79
275            </intent-filter>
276        </receiver>
277
278        <service